<?xml version="1.0" encoding="UTF-8"?>
<coverage generated="1720676272002" clover="3.2.0">
  <project timestamp="1720676272003" name="All files">
    <metrics statements="35" coveredstatements="23" conditionals="11" coveredconditionals="2" methods="7" coveredmethods="5" elements="53" coveredelements="30" complexity="0" loc="35" ncloc="35" packages="1" files="2" classes="2"/>
    <file name="index.ts" path="C:\Users\lligu\GitHub\matterbridge-eve-motion\src\index.ts">
      <metrics statements="1" coveredstatements="1" conditionals="0" coveredconditionals="0" methods="1" coveredmethods="1"/>
      <line num="12" count="1" type="stmt"/>
    </file>
    <file name="platform.ts" path="C:\Users\lligu\GitHub\matterbridge-eve-motion\src\platform.ts">
      <metrics statements="34" coveredstatements="22" conditionals="11" coveredconditionals="2" methods="6" coveredmethods="4"/>
      <line num="11" count="6" type="stmt"/>
      <line num="12" count="6" type="stmt"/>
      <line num="16" count="1" type="cond" truecount="1" falsecount="1"/>
      <line num="18" count="1" type="stmt"/>
      <line num="20" count="1" type="stmt"/>
      <line num="21" count="1" type="stmt"/>
      <line num="22" count="1" type="stmt"/>
      <line num="23" count="1" type="stmt"/>
      <line num="25" count="1" type="stmt"/>
      <line num="26" count="1" type="stmt"/>
      <line num="28" count="1" type="stmt"/>
      <line num="29" count="1" type="stmt"/>
      <line num="32" count="1" type="stmt"/>
      <line num="33" count="1" type="stmt"/>
      <line num="35" count="1" type="stmt"/>
      <line num="37" count="1" type="stmt"/>
      <line num="38" count="0" type="stmt"/>
      <line num="39" count="0" type="stmt"/>
      <line num="44" count="1" type="stmt"/>
      <line num="46" count="1" type="stmt"/>
      <line num="48" count="0" type="cond" truecount="0" falsecount="3"/>
      <line num="49" count="0" type="stmt"/>
      <line num="50" count="0" type="cond" truecount="0" falsecount="1"/>
      <line num="51" count="0" type="stmt"/>
      <line num="52" count="0" type="stmt"/>
      <line num="53" count="0" type="stmt"/>
      <line num="54" count="0" type="stmt"/>
      <line num="56" count="0" type="stmt"/>
      <line num="57" count="0" type="cond" truecount="0" falsecount="2"/>
      <line num="58" count="0" type="stmt"/>
      <line num="65" count="1" type="cond" truecount="1" falsecount="1"/>
      <line num="66" count="1" type="stmt"/>
      <line num="67" count="1" type="stmt"/>
      <line num="68" count="1" type="cond" truecount="0" falsecount="1"/>
    </file>
  </project>
</coverage>
