{"C:\\Users\\lligu\\GitHub\\matterbridge-eve-motion\\src\\index.ts": {"path":"C:\\Users\\lligu\\GitHub\\matterbridge-eve-motion\\src\\index.ts","statementMap":{"0":{"start":{"line":12,"column":2},"end":{"line":12,"column":58}}},"fnMap":{"0":{"name":"initializePlugin","decl":{"start":{"line":11,"column":24},"end":{"line":11,"column":40}},"loc":{"start":{"line":11,"column":108},"end":{"line":13,"column":1}}}},"branchMap":{},"s":{"0":1},"f":{"0":1},"b":{}}
,"C:\\Users\\lligu\\GitHub\\matterbridge-eve-motion\\src\\platform.ts": {"path":"C:\\Users\\lligu\\GitHub\\matterbridge-eve-motion\\src\\platform.ts","statementMap":{"0":{"start":{"line":11,"column":4},"end":{"line":11,"column":37}},"1":{"start":{"line":12,"column":4},"end":{"line":12,"column":62}},"2":{"start":{"line":16,"column":4},"end":{"line":16,"column":67}},"3":{"start":{"line":18,"column":4},"end":{"line":18,"column":116}},"4":{"start":{"line":20,"column":4},"end":{"line":20,"column":71}},"5":{"start":{"line":21,"column":4},"end":{"line":21,"column":53}},"6":{"start":{"line":22,"column":4},"end":{"line":22,"column":151}},"7":{"start":{"line":23,"column":4},"end":{"line":23,"column":61}},"8":{"start":{"line":25,"column":4},"end":{"line":25,"column":56}},"9":{"start":{"line":26,"column":4},"end":{"line":26,"column":67}},"10":{"start":{"line":28,"column":4},"end":{"line":28,"column":43}},"11":{"start":{"line":29,"column":4},"end":{"line":29,"column":74}},"12":{"start":{"line":32,"column":4},"end":{"line":32,"column":76}},"13":{"start":{"line":33,"column":4},"end":{"line":33,"column":40}},"14":{"start":{"line":35,"column":4},"end":{"line":35,"column":43}},"15":{"start":{"line":37,"column":4},"end":{"line":40,"column":7}},"16":{"start":{"line":38,"column":6},"end":{"line":38,"column":76}},"17":{"start":{"line":39,"column":6},"end":{"line":39,"column":38}},"18":{"start":{"line":44,"column":4},"end":{"line":44,"column":40}},"19":{"start":{"line":46,"column":4},"end":{"line":61,"column":6}},"20":{"start":{"line":48,"column":8},"end":{"line":48,"column":50}},"21":{"start":{"line":48,"column":43},"end":{"line":48,"column":50}},"22":{"start":{"line":49,"column":26},"end":{"line":49,"column":112}},"23":{"start":{"line":50,"column":8},"end":{"line":50,"column":31}},"24":{"start":{"line":50,"column":24},"end":{"line":50,"column":31}},"25":{"start":{"line":51,"column":8},"end":{"line":51,"column":49}},"26":{"start":{"line":52,"column":20},"end":{"line":52,"column":57}},"27":{"start":{"line":53,"column":8},"end":{"line":53,"column":104}},"28":{"start":{"line":54,"column":8},"end":{"line":54,"column":175}},"29":{"start":{"line":56,"column":8},"end":{"line":56,"column":36}},"30":{"start":{"line":57,"column":8},"end":{"line":57,"column":110}},"31":{"start":{"line":58,"column":8},"end":{"line":58,"column":79}},"32":{"start":{"line":65,"column":4},"end":{"line":65,"column":70}},"33":{"start":{"line":66,"column":4},"end":{"line":66,"column":32}},"34":{"start":{"line":67,"column":4},"end":{"line":67,"column":33}},"35":{"start":{"line":68,"column":4},"end":{"line":68,"column":85}},"36":{"start":{"line":68,"column":51},"end":{"line":68,"column":85}}},"fnMap":{"0":{"name":"(anonymous_0)","decl":{"start":{"line":10,"column":2},"end":{"line":10,"column":14}},"loc":{"start":{"line":10,"column":81},"end":{"line":13,"column":3}}},"1":{"name":"(anonymous_1)","decl":{"start":{"line":15,"column":11},"end":{"line":15,"column":16}},"loc":{"start":{"line":15,"column":40},"end":{"line":41,"column":3}}},"2":{"name":"(anonymous_2)","decl":{"start":{"line":37,"column":46},"end":{"line":37,"column":51}},"loc":{"start":{"line":37,"column":86},"end":{"line":40,"column":5}}},"3":{"name":"(anonymous_3)","decl":{"start":{"line":43,"column":11},"end":{"line":43,"column":16}},"loc":{"start":{"line":43,"column":28},"end":{"line":62,"column":3}}},"4":{"name":"(anonymous_4)","decl":{"start":{"line":47,"column":6},"end":{"line":47,"column":9}},"loc":{"start":{"line":47,"column":11},"end":{"line":59,"column":7}}},"5":{"name":"(anonymous_5)","decl":{"start":{"line":64,"column":11},"end":{"line":64,"column":16}},"loc":{"start":{"line":64,"column":43},"end":{"line":69,"column":3}}}},"branchMap":{"0":{"loc":{"start":{"line":16,"column":49},"end":{"line":16,"column":65}},"type":"binary-expr","locations":[{"start":{"line":16,"column":49},"end":{"line":16,"column":55}},{"start":{"line":16,"column":59},"end":{"line":16,"column":65}}]},"1":{"loc":{"start":{"line":48,"column":8},"end":{"line":48,"column":50}},"type":"if","locations":[{"start":{"line":48,"column":8},"end":{"line":48,"column":50}}]},"2":{"loc":{"start":{"line":48,"column":12},"end":{"line":48,"column":41}},"type":"binary-expr","locations":[{"start":{"line":48,"column":12},"end":{"line":48,"column":24}},{"start":{"line":48,"column":28},"end":{"line":48,"column":41}}]},"3":{"loc":{"start":{"line":50,"column":8},"end":{"line":50,"column":31}},"type":"if","locations":[{"start":{"line":50,"column":8},"end":{"line":50,"column":31}}]},"4":{"loc":{"start":{"line":57,"column":66},"end":{"line":57,"column":101}},"type":"cond-expr","locations":[{"start":{"line":57,"column":96},"end":{"line":57,"column":97}},{"start":{"line":57,"column":100},"end":{"line":57,"column":101}}]},"5":{"loc":{"start":{"line":65,"column":52},"end":{"line":65,"column":68}},"type":"binary-expr","locations":[{"start":{"line":65,"column":52},"end":{"line":65,"column":58}},{"start":{"line":65,"column":62},"end":{"line":65,"column":68}}]},"6":{"loc":{"start":{"line":68,"column":4},"end":{"line":68,"column":85}},"type":"if","locations":[{"start":{"line":68,"column":4},"end":{"line":68,"column":85}}]}},"s":{"0":6,"1":6,"2":1,"3":1,"4":1,"5":1,"6":1,"7":1,"8":1,"9":1,"10":1,"11":1,"12":1,"13":1,"14":1,"15":1,"16":0,"17":0,"18":1,"19":1,"20":0,"21":0,"22":0,"23":0,"24":0,"25":0,"26":0,"27":0,"28":0,"29":0,"30":0,"31":0,"32":1,"33":1,"34":1,"35":1,"36":0},"f":{"0":6,"1":1,"2":0,"3":1,"4":0,"5":1},"b":{"0":[1,0],"1":[0],"2":[0,0],"3":[0],"4":[0,0],"5":[1,0],"6":[0]}}
}
