TN:
SF:src\index.ts
FN:11,initializePlugin
FNF:1
FNH:1
FNDA:1,initializePlugin
DA:12,1
LF:1
LH:1
BRF:0
BRH:0
end_of_record
TN:
SF:src\platform.ts
FN:10,(anonymous_0)
FN:15,(anonymous_1)
FN:37,(anonymous_2)
FN:43,(anonymous_3)
FN:47,(anonymous_4)
FN:64,(anonymous_5)
FNF:6
FNH:4
FNDA:6,(anonymous_0)
FNDA:1,(anonymous_1)
FNDA:0,(anonymous_2)
FNDA:1,(anonymous_3)
FNDA:0,(anonymous_4)
FNDA:1,(anonymous_5)
DA:11,6
DA:12,6
DA:16,1
DA:18,1
DA:20,1
DA:21,1
DA:22,1
DA:23,1
DA:25,1
DA:26,1
DA:28,1
DA:29,1
DA:32,1
DA:33,1
DA:35,1
DA:37,1
DA:38,0
DA:39,0
DA:44,1
DA:46,1
DA:48,0
DA:49,0
DA:50,0
DA:51,0
DA:52,0
DA:53,0
DA:54,0
DA:56,0
DA:57,0
DA:58,0
DA:65,1
DA:66,1
DA:67,1
DA:68,1
LF:34
LH:22
BRDA:16,0,0,1
BRDA:16,0,1,0
BRDA:48,1,0,0
BRDA:48,2,0,0
BRDA:48,2,1,0
BRDA:50,3,0,0
BRDA:57,4,0,0
BRDA:57,4,1,0
BRDA:65,5,0,1
BRDA:65,5,1,0
BRDA:68,6,0,0
BRF:11
BRH:2
end_of_record
